{
  "Cucumber Features": {
    "coverage": {
      "/home/ubuntu/Desktop/LoanApplicationSystem/app/controllers/application_controller.rb": [
        1,
        1,
        null
      ],
      "/home/ubuntu/Desktop/LoanApplicationSystem/app/helpers/application_helper.rb": [
        1,
        null
      ],
      "/home/ubuntu/Desktop/LoanApplicationSystem/app/helpers/ch_helper.rb": [
        1,
        null
      ],
      "/home/ubuntu/Desktop/LoanApplicationSystem/app/helpers/en_helper.rb": [
        1,
        null
      ],
      "/home/ubuntu/Desktop/LoanApplicationSystem/app/controllers/apps_controller.rb": [
        null,
        null,
        1,
        null,
        1,
        null,
        null,
        null,
        null,
        1,
        34,
        4,
        4,
        null,
        30,
        0,
        null,
        30,
        null,
        null,
        1,
        19,
        17,
        null,
        null,
        null,
        17,
        5,
        5,
        5,
        5,
        null,
        12,
        12,
        12,
        null,
        null,
        null,
        1,
        null,
        null,
        null,
        1,
        8,
        7,
        0,
        0,
        null,
        7,
        7,
        2,
        2,
        2,
        7,
        null,
        0,
        null,
        1,
        null,
        null,
        2,
        1,
        1,
        null,
        1,
        1,
        1,
        1,
        1,
        1,
        1,
        1,
        1,
        1,
        null,
        5,
        1,
        null,
        null,
        null,
        null,
        null,
        1,
        2,
        2,
        2,
        8,
        2,
        null,
        null,
        null,
        2,
        1,
        1,
        null,
        1,
        1,
        1,
        null,
        null,
        null,
        1,
        null,
        null,
        1,
        null,
        null,
        1,
        null,
        null,
        null,
        null,
        null,
        null,
        null,
        1,
        5,
        4,
        4,
        4,
        3,
        3,
        3,
        null,
        null,
        null,
        null,
        1,
        1,
        null,
        null,
        null,
        1,
        2,
        2,
        2,
        2,
        2,
        2,
        0,
        0,
        null,
        2,
        2,
        0,
        0,
        null,
        2,
        null,
        0,
        null,
        0,
        null,
        null,
        2,
        2,
        2,
        2,
        2,
        null,
        null,
        null,
        null,
        null,
        null,
        null,
        null,
        1,
        2,
        null,
        null,
        1,
        0,
        0,
        0,
        0,
        0,
        0,
        null,
        null,
        null,
        null,
        null,
        null
      ],
      "/home/ubuntu/Desktop/LoanApplicationSystem/app/models/app.rb": [
        null,
        null,
        1,
        1,
        1,
        null,
        null,
        1,
        15,
        null,
        null,
        1,
        18,
        null,
        null,
        1,
        8,
        8,
        24,
        null,
        8,
        8,
        24,
        null,
        null,
        8,
        8,
        8,
        32,
        32,
        null,
        null,
        null,
        8,
        null,
        null
      ],
      "/home/ubuntu/Desktop/LoanApplicationSystem/app/controllers/ch_controller.rb": [
        null,
        null,
        1,
        1,
        null,
        null,
        1,
        null,
        null,
        1,
        null,
        null,
        1,
        null,
        null,
        null,
        null
      ],
      "/home/ubuntu/Desktop/LoanApplicationSystem/app/controllers/en_controller.rb": [
        1,
        1,
        null,
        1,
        null,
        null,
        1,
        null,
        null,
        null
      ],
      "/home/ubuntu/Desktop/LoanApplicationSystem/app/controllers/user_controller.rb": [
        1,
        1,
        11,
        11,
        11,
        10,
        10,
        10,
        10,
        null,
        1,
        1,
        null,
        null,
        null,
        null,
        1,
        1,
        1,
        1,
        null,
        null,
        null
      ],
      "/home/ubuntu/Desktop/LoanApplicationSystem/app/models/user.rb": [
        1,
        null,
        null
      ]
    },
    "timestamp": 1385372918
  },
  "RSpec": {
    "coverage": {
      "/home/ubuntu/Desktop/LoanApplicationSystem/app/controllers/application_controller.rb": [
        1,
        1,
        null
      ],
      "/home/ubuntu/Desktop/LoanApplicationSystem/app/helpers/application_helper.rb": [
        1,
        null
      ],
      "/home/ubuntu/Desktop/LoanApplicationSystem/app/helpers/ch_helper.rb": [
        1,
        null
      ],
      "/home/ubuntu/Desktop/LoanApplicationSystem/app/helpers/en_helper.rb": [
        1,
        null
      ],
      "/home/ubuntu/Desktop/LoanApplicationSystem/app/controllers/apps_controller.rb": [
        null,
        null,
        1,
        null,
        1,
        null,
        null,
        null,
        null,
        1,
        15,
        5,
        5,
        null,
        10,
        0,
        null,
        10,
        null,
        null,
        1,
        3,
        2,
        null,
        null,
        null,
        2,
        1,
        1,
        1,
        1,
        null,
        1,
        1,
        1,
        null,
        null,
        null,
        1,
        null,
        null,
        null,
        1,
        3,
        2,
        0,
        0,
        null,
        2,
        2,
        1,
        1,
        1,
        3,
        null,
        0,
        null,
        0,
        null,
        null,
        1,
        0,
        0,
        null,
        1,
        1,
        1,
        1,
        1,
        1,
        1,
        1,
        1,
        1,
        null,
        1,
        1,
        null,
        null,
        null,
        null,
        null,
        1,
        1,
        1,
        1,
        0,
        0,
        null,
        null,
        null,
        1,
        1,
        1,
        null,
        0,
        0,
        0,
        null,
        null,
        null,
        1,
        null,
        null,
        1,
        null,
        null,
        1,
        null,
        null,
        null,
        null,
        null,
        null,
        null,
        1,
        3,
        2,
        2,
        2,
        1,
        1,
        1,
        null,
        null,
        null,
        null,
        1,
        1,
        null,
        null,
        null,
        1,
        4,
        3,
        3,
        3,
        3,
        3,
        1,
        1,
        null,
        2,
        2,
        1,
        1,
        null,
        1,
        null,
        0,
        null,
        0,
        null,
        null,
        1,
        1,
        1,
        1,
        1,
        null,
        null,
        null,
        null,
        null,
        null,
        null,
        null,
        1,
        3,
        null,
        null,
        1,
        2,
        1,
        1,
        1,
        1,
        1,
        null,
        null,
        null,
        null,
        null,
        null
      ],
      "/home/ubuntu/Desktop/LoanApplicationSystem/app/models/app.rb": [
        null,
        null,
        1,
        1,
        1,
        null,
        null,
        1,
        0,
        null,
        null,
        1,
        5,
        null,
        null,
        1,
        3,
        3,
        9,
        null,
        3,
        3,
        9,
        null,
        null,
        3,
        3,
        3,
        0,
        0,
        null,
        null,
        null,
        3,
        null,
        null
      ],
      "/home/ubuntu/Desktop/LoanApplicationSystem/app/controllers/ch_controller.rb": [
        null,
        null,
        1,
        1,
        null,
        null,
        1,
        null,
        null,
        1,
        null,
        null,
        1,
        null,
        null,
        null,
        null
      ],
      "/home/ubuntu/Desktop/LoanApplicationSystem/app/controllers/en_controller.rb": [
        1,
        1,
        null,
        1,
        null,
        null,
        1,
        null,
        null,
        null
      ],
      "/home/ubuntu/Desktop/LoanApplicationSystem/app/controllers/user_controller.rb": [
        1,
        1,
        2,
        2,
        2,
        1,
        1,
        1,
        1,
        null,
        1,
        1,
        null,
        null,
        null,
        null,
        1,
        1,
        1,
        1,
        null,
        null,
        null
      ],
      "/home/ubuntu/Desktop/LoanApplicationSystem/app/models/user.rb": [
        1,
        null,
        null
      ]
    },
    "timestamp": 1385373071
  }
}
