{
  "Cucumber Features": {
    "coverage": {
      "/home/ubuntu/Desktop/LoanApplicationSystem/app/controllers/application_controller.rb": [
        1,
        1,
        null
      ],
      "/home/ubuntu/Desktop/LoanApplicationSystem/app/helpers/application_helper.rb": [
        1,
        null
      ],
      "/home/ubuntu/Desktop/LoanApplicationSystem/app/helpers/ch_helper.rb": [
        1,
        null
      ],
      "/home/ubuntu/Desktop/LoanApplicationSystem/app/helpers/en_helper.rb": [
        1,
        null
      ],
      "/home/ubuntu/Desktop/LoanApplicationSystem/app/controllers/apps_controller.rb": [
        1,
        null,
        1,
        null,
        null,
        null,
        null,
        1,
        5,
        0,
        0,
        null,
        null,
        5,
        null,
        5,
        5,
        1,
        1,
        1,
        null,
        4,
        4,
        4,
        null,
        null,
        null,
        1,
        null,
        null,
        null,
        1,
        2,
        2,
        0,
        0,
        null,
        2,
        2,
        1,
        1,
        1,
        3,
        null,
        0,
        null,
        0,
        null,
        null,
        1,
        0,
        0,
        null,
        1,
        1,
        1,
        1,
        1,
        1,
        1,
        1,
        null,
        1,
        0,
        null,
        null,
        null,
        null,
        null,
        1,
        0,
        0,
        0,
        0,
        0,
        null,
        null,
        null,
        0,
        0,
        0,
        null,
        0,
        0,
        0,
        null,
        null,
        1,
        0,
        0,
        0,
        0,
        0,
        null,
        null,
        null,
        0,
        0,
        0,
        null,
        0,
        0,
        null,
        0,
        0,
        null,
        null,
        1,
        null,
        null,
        1,
        null,
        null,
        1,
        null,
        null,
        1,
        0,
        0,
        null,
        null,
        null,
        null,
        null
      ],
      "/home/ubuntu/Desktop/LoanApplicationSystem/app/models/app.rb": [
        null,
        null,
        1,
        1,
        1,
        null,
        null
      ],
      "/home/ubuntu/Desktop/LoanApplicationSystem/app/controllers/ch_controller.rb": [
        null,
        null,
        1,
        1,
        null,
        null,
        1,
        null,
        null,
        1,
        null,
        null,
        1,
        null,
        null,
        null,
        null
      ],
      "/home/ubuntu/Desktop/LoanApplicationSystem/app/controllers/en_controller.rb": [
        1,
        1,
        null,
        1,
        null,
        null,
        1,
        null,
        null,
        null
      ],
      "/home/ubuntu/Desktop/LoanApplicationSystem/app/controllers/user_controller.rb": [
        1,
        1,
        4,
        4,
        4,
        4,
        4,
        4,
        4,
        null,
        0,
        0,
        null,
        null,
        0,
        0,
        null,
        null,
        null,
        1,
        0,
        0,
        0,
        null,
        null,
        1,
        0,
        0,
        0,
        0,
        0,
        null,
        0,
        null,
        0,
        null,
        1,
        null,
        0,
        0,
        0,
        null,
        0,
        0,
        0,
        null,
        0,
        0,
        0,
        null,
        0,
        null,
        null,
        0,
        0,
        0,
        0,
        0,
        null,
        0,
        0,
        0,
        null,
        null,
        null,
        null
      ],
      "/home/ubuntu/Desktop/LoanApplicationSystem/app/models/user.rb": [
        1,
        null,
        null
      ]
    },
    "timestamp": 1385197902
  },
  "RSpec": {
    "coverage": {
      "/home/ubuntu/Desktop/LoanApplicationSystem/app/controllers/application_controller.rb": [
        1,
        1,
        null
      ],
      "/home/ubuntu/Desktop/LoanApplicationSystem/app/helpers/application_helper.rb": [
        1,
        null
      ],
      "/home/ubuntu/Desktop/LoanApplicationSystem/app/helpers/ch_helper.rb": [
        1,
        null
      ],
      "/home/ubuntu/Desktop/LoanApplicationSystem/app/helpers/en_helper.rb": [
        1,
        null
      ],
      "/home/ubuntu/Desktop/LoanApplicationSystem/app/controllers/apps_controller.rb": [
        1,
        null,
        1,
        null,
        null,
        null,
        null,
        1,
        3,
        1,
        1,
        null,
        null,
        2,
        null,
        2,
        2,
        1,
        1,
        1,
        null,
        1,
        1,
        1,
        null,
        null,
        null,
        1,
        null,
        null,
        null,
        1,
        3,
        3,
        1,
        1,
        null,
        2,
        2,
        1,
        1,
        1,
        3,
        null,
        0,
        null,
        0,
        null,
        null,
        1,
        0,
        0,
        null,
        1,
        1,
        1,
        1,
        1,
        1,
        1,
        1,
        null,
        1,
        1,
        null,
        null,
        null,
        null,
        null,
        1,
        0,
        0,
        0,
        0,
        0,
        null,
        null,
        null,
        0,
        0,
        0,
        null,
        0,
        0,
        0,
        null,
        null,
        1,
        0,
        0,
        0,
        0,
        0,
        null,
        null,
        null,
        0,
        0,
        0,
        null,
        0,
        0,
        null,
        0,
        0,
        null,
        null,
        1,
        null,
        null,
        1,
        null,
        null,
        1,
        null,
        null,
        1,
        0,
        0,
        null,
        null,
        null,
        null,
        null
      ],
      "/home/ubuntu/Desktop/LoanApplicationSystem/app/models/app.rb": [
        null,
        null,
        1,
        1,
        1,
        null,
        null
      ],
      "/home/ubuntu/Desktop/LoanApplicationSystem/app/controllers/ch_controller.rb": [
        null,
        null,
        1,
        1,
        null,
        null,
        1,
        null,
        null,
        1,
        null,
        null,
        1,
        null,
        null,
        null,
        null
      ],
      "/home/ubuntu/Desktop/LoanApplicationSystem/app/controllers/en_controller.rb": [
        1,
        1,
        null,
        1,
        null,
        null,
        1,
        null,
        null,
        null
      ],
      "/home/ubuntu/Desktop/LoanApplicationSystem/app/controllers/user_controller.rb": [
        1,
        1,
        3,
        2,
        2,
        1,
        1,
        1,
        1,
        null,
        1,
        1,
        null,
        null,
        1,
        1,
        null,
        null,
        null,
        1,
        1,
        1,
        1,
        null,
        null,
        1,
        0,
        0,
        0,
        0,
        0,
        null,
        0,
        null,
        0,
        null,
        1,
        null,
        0,
        0,
        0,
        null,
        0,
        0,
        0,
        null,
        0,
        0,
        0,
        null,
        0,
        null,
        null,
        0,
        0,
        0,
        0,
        0,
        null,
        0,
        0,
        0,
        null,
        null,
        null,
        null
      ],
      "/home/ubuntu/Desktop/LoanApplicationSystem/app/models/user.rb": [
        1,
        null,
        null
      ]
    },
    "timestamp": 1385197975
  }
}
